proguard-project.txt
# To enable ProGuard in your project, edit project.properties
# to define the proguard.config property as described in that file.
#
# Add project specific ProGuard rules here.
# By default, the flags in this file are appended to flags specified
# in ${sdk.dir}/tools/proguard/proguard-android.txt
# You can edit the include path and order by changing the ProGuard
# include property in project.properties.
#
# For more details, see
#   http://developer.android.com/guide/developing/tools/proguard.html

# Add any project specific keep options here:

# If your project uses WebView with JS, uncomment the following
# and specify the fully qualified class name to the JavaScript interface
# class:
#-keepclassmembers class fqcn.of.javascript.interface.for.webview {
#   public *;
#}
-optimizationpasses 5
-dontusemixedcaseclassnames
-dontskipnonpubliclibraryclasses
-dontpreverify
-verbose
-optimizations !code/simplification/arithmetic,!field/*,!class/merging/*

-libraryjars 'E:\chenchuibo\workspace\com_weibo_android\bin\com_weibo_android.jar'
-libraryjars '\libs\gson-2.2.2.jar'

-keep public class * extends android.app.Activity
-keep public class * extends android.app.Application
-keep public class * extends android.app.Service
-keep public class * extends android.content.BroadcastReceiver
-keep public class * extends android.content.ContentProvider
-keep public class * extends android.app.backup.BackupAgentHelper
-keep public class * extends android.preference.Preference
-keep public class com.android.vending.licensing.ILicensingService

 -keep public class com.android.eatingornot.datamodel.** {
 	*; 
 }
 
 -keep public class com.google.gdata.util.common.base.** {
 	public protected *; 
 }
 -keep public class android.** {
  public protected private *; 
 }
-keep public class com.android.eatingornot.activitys.R$*{
    public static final int *;
}
-keep class * implements android.os.Parcelable {
  public static final android.os.Parcelable$Creator *;
}
-keepclasseswithmembernames class * {
    native <methods>;
}

-keepclasseswithmembers class * {
    public <init>(android.content.Context, android.util.AttributeSet);
}

-keepclasseswithmembers class * {
    public <init>(android.content.Context, android.util.AttributeSet, int);
}

-keepclassmembers class * extends android.app.Activity {
   public void *(android.view.View);
}

-keepclassmembers enum * {
    public static **[] values();
    public static ** valueOf(java.lang.String);
}

-keepclassmembers class * {
   public <init>(org.json.JSONObject);
}

##---------------Begin: proguard configuration for Gson  ----------  
# Gson uses generic type information stored in a class file when working with fields. Proguard  
# removes such information by default, so configure it to keep all of it.  
-keepattributes Signature  
  
# For using GSON @Expose annotation
-keepattributes *Annotation*
  
# Gson specific classes 
-keep class sun.misc.Unsafe { *; }
-keep class com.google.gson.stream.** { *; }  
# Application classes that will be serialized/deserialized over Gson  
-keep class com.google.gson.examples.android.model.** { *; }  
  
##---------------End: proguard configuration for Gson  ----------