proguard/seeds.txt
com.android.eatingornot.activitys.DirectorActivity
com.android.eatingornot.activitys.DirectorActivity: DirectorActivity()
com.android.eatingornot.activitys.EattingApplication
com.android.eatingornot.activitys.EattingApplication: EattingApplication()
com.android.eatingornot.activitys.EattingOrNotMainActivity
com.android.eatingornot.activitys.EattingOrNotMainActivity: EattingOrNotMainActivity()
com.android.eatingornot.activitys.FavorListActivity
com.android.eatingornot.activitys.FavorListActivity: FavorListActivity()
com.android.eatingornot.activitys.FeedbackActivity
com.android.eatingornot.activitys.FeedbackActivity: FeedbackActivity()
com.android.eatingornot.activitys.FoodDetailsActivity
com.android.eatingornot.activitys.FoodDetailsActivity: FoodDetailsActivity()
com.android.eatingornot.activitys.FoodDetailsActivity$FoodKind: com.android.eatingornot.activitys.FoodDetailsActivity$FoodKind[] values()
com.android.eatingornot.activitys.FoodDetailsActivity$FoodKind: com.android.eatingornot.activitys.FoodDetailsActivity$FoodKind valueOf(java.lang.String)
com.android.eatingornot.activitys.ForgetPswActivity
com.android.eatingornot.activitys.ForgetPswActivity: ForgetPswActivity()
com.android.eatingornot.activitys.R$anim
com.android.eatingornot.activitys.R$anim: int fade_in
com.android.eatingornot.activitys.R$anim: int fade_out
com.android.eatingornot.activitys.R$anim: int in_from_left
com.android.eatingornot.activitys.R$anim: int in_from_right
com.android.eatingornot.activitys.R$anim: int left_to_right
com.android.eatingornot.activitys.R$anim: int out_to_left
com.android.eatingornot.activitys.R$anim: int out_to_right
com.android.eatingornot.activitys.R$anim: int push_down
com.android.eatingornot.activitys.R$anim: int push_up
com.android.eatingornot.activitys.R$anim: int right_to_left
com.android.eatingornot.activitys.R$anim: int zoom_enter
com.android.eatingornot.activitys.R$anim: int zoom_exit
com.android.eatingornot.activitys.R$anim: int zoom_out
com.android.eatingornot.activitys.R$array
com.android.eatingornot.activitys.R$array: int UMageList
com.android.eatingornot.activitys.R$array: int UMgenderList
com.android.eatingornot.activitys.R$attr
com.android.eatingornot.activitys.R$color
com.android.eatingornot.activitys.R$color: int dialog_title_blue
com.android.eatingornot.activitys.R$color: int text_num_gray
com.android.eatingornot.activitys.R$color: int trans_gray
com.android.eatingornot.activitys.R$color: int transparent
com.android.eatingornot.activitys.R$dimen
com.android.eatingornot.activitys.R$dimen: int LFT_LAYOUT_HEIGHT
com.android.eatingornot.activitys.R$dimen: int LFT_LAYOUT_WIDTH
com.android.eatingornot.activitys.R$dimen: int LFT_marginRight_offset
com.android.eatingornot.activitys.R$dimen: int LFT_marginTop_offset
com.android.eatingornot.activitys.R$dimen: int MIN_LAYOUT_HEIGHT
com.android.eatingornot.activitys.R$dimen: int MIN_LAYOUT_WIDTH
com.android.eatingornot.activitys.R$dimen: int MIN_marginLeft_offset
com.android.eatingornot.activitys.R$dimen: int MIN_marginTop_offset
com.android.eatingornot.activitys.R$dimen: int RIT_LAYOUT_HEIGHT
com.android.eatingornot.activitys.R$dimen: int RIT_LAYOUT_WIDTH
com.android.eatingornot.activitys.R$dimen: int RIT_marginLeft_offset
com.android.eatingornot.activitys.R$dimen: int RIT_marginTop_offset
com.android.eatingornot.activitys.R$dimen: int TEXT_SIZE_FOR_IMGDESP
com.android.eatingornot.activitys.R$dimen: int dialog_bottom_margin
com.android.eatingornot.activitys.R$dimen: int dialog_btn_close_right_margin
com.android.eatingornot.activitys.R$dimen: int dialog_btn_close_top_margin
com.android.eatingornot.activitys.R$dimen: int dialog_left_margin
com.android.eatingornot.activitys.R$dimen: int dialog_right_margin
com.android.eatingornot.activitys.R$dimen: int dialog_title_height
com.android.eatingornot.activitys.R$dimen: int dialog_title_logo_left_margin
com.android.eatingornot.activitys.R$dimen: int dialog_top_margin
...
com.android.eatingornot.datamodel.FoodOfDiseaseBean
com.android.eatingornot.datamodel.FoodOfDiseaseBean: java.lang.Integer id
com.android.eatingornot.datamodel.FoodOfDiseaseBean: java.lang.String diseaseName
com.android.eatingornot.datamodel.FoodOfDiseaseBean: java.lang.String foodName
com.android.eatingornot.datamodel.FoodOfDiseaseBean: java.lang.String canEat
com.android.eatingornot.datamodel.FoodOfDiseaseBean: java.lang.Integer canEatInt
com.android.eatingornot.datamodel.FoodOfDiseaseBean: java.lang.String reason
com.android.eatingornot.datamodel.FoodOfDiseaseBean: java.lang.String recommendEatAmount
com.android.eatingornot.datamodel.FoodOfDiseaseBean: java.lang.String recommend_food_mix
com.android.eatingornot.datamodel.FoodOfDiseaseBean: java.lang.String replaceFood
com.android.eatingornot.datamodel.FoodOfDiseaseBean: java.lang.String infoSource
com.android.eatingornot.datamodel.FoodOfDiseaseBean: java.lang.String eatAction
com.android.eatingornot.datamodel.FoodOfDiseaseBean: java.lang.String eatSkill
com.android.eatingornot.datamodel.FoodOfDiseaseBean: java.lang.String recommend_food
com.android.eatingornot.datamodel.FoodOfDiseaseBean: java.util.ArrayList Recommend_foods
com.android.eatingornot.datamodel.FoodOfDiseaseBean: FoodOfDiseaseBean()
com.android.eatingornot.datamodel.FoodOfDiseaseBean: java.util.ArrayList getRecommend_foods()
com.android.eatingornot.datamodel.FoodOfDiseaseBean: void setRecommend_foods(java.util.ArrayList)
com.android.eatingornot.datamodel.RequestRetMsg
com.android.eatingornot.datamodel.RequestRetMsg: boolean ActionCode
com.android.eatingornot.datamodel.RequestRetMsg: boolean errorMsg
com.android.eatingornot.datamodel.RequestRetMsg: RequestRetMsg()
com.android.eatingornot.datamodel.RequestRetMsg: boolean isErrorMsg()
com.android.eatingornot.datamodel.RequestRetMsg: void setErrorMsg(boolean)
com.android.eatingornot.datamodel.RequestRetMsg: boolean isActionCode()
com.android.eatingornot.datamodel.RequestRetMsg: void setActionCode(boolean)
com.android.eatingornot.datamodel.TokenInfo
com.android.eatingornot.datamodel.TokenInfo: java.lang.String uid
com.android.eatingornot.datamodel.TokenInfo: java.lang.String appkey
com.android.eatingornot.datamodel.TokenInfo: java.lang.String scope
com.android.eatingornot.datamodel.TokenInfo: java.lang.String create_at
com.android.eatingornot.datamodel.TokenInfo: java.lang.String expire_in
com.android.eatingornot.datamodel.TokenInfo: TokenInfo()
com.android.eatingornot.datamodel.TokenInfo: java.lang.String getUid()
com.android.eatingornot.datamodel.TokenInfo: void setUid(java.lang.String)
com.android.eatingornot.datamodel.TokenInfo: java.lang.String getAppkey()
com.android.eatingornot.datamodel.TokenInfo: void setAppkey(java.lang.String)
com.android.eatingornot.datamodel.TokenInfo: java.lang.String getScope()
com.android.eatingornot.datamodel.TokenInfo: void setScope(java.lang.String)
com.android.eatingornot.datamodel.TokenInfo: java.lang.String getCreate_at()
com.android.eatingornot.datamodel.TokenInfo: void setCreate_at(java.lang.String)
com.android.eatingornot.datamodel.TokenInfo: java.lang.String getExpire_in()
com.android.eatingornot.datamodel.TokenInfo: void setExpire_in(java.lang.String)