proguard/mapping.txt
com.android.eatingornot.activitys.DirectorActivity -> com.android.eatingornot.activitys.DirectorActivity:
    android.support.v4.view.ViewPager mDirectorsPaper -> a
    java.util.ArrayList mDirectorViews -> b
    int[] mDirectorImager -> c
    android.view.LayoutInflater mInflater -> d
    void displayMyself(android.app.Activity) -> a
    void onCreate(android.os.Bundle) -> onCreate
com.android.eatingornot.activitys.DirectorActivity$1 -> com.android.eatingornot.activitys.a:
    com.android.eatingornot.activitys.DirectorActivity this$0 -> a
    void onPageSelected(int) -> onPageSelected
    void onPageScrolled(int,float,int) -> onPageScrolled
    void onPageScrollStateChanged(int) -> onPageScrollStateChanged
com.android.eatingornot.activitys.DirectorActivity$DirectAdater -> com.android.eatingornot.activitys.b:
    com.android.eatingornot.activitys.DirectorActivity this$0 -> a
    int getCount() -> getCount
    boolean isViewFromObject(android.view.View,java.lang.Object) -> isViewFromObject
    void destroyItem(android.view.ViewGroup,int,java.lang.Object) -> destroyItem
    java.lang.Object instantiateItem(android.view.ViewGroup,int) -> instantiateItem
com.android.eatingornot.activitys.EattingApplication -> com.android.eatingornot.activitys.EattingApplication:
    java.lang.String HOST_URL -> a
    java.lang.String HD_IMG_URL -> b
    java.lang.String IMG_URL -> c
    java.lang.String IMEI -> d
    com.android.eatingornot.datamodel.UserInfo userInfo -> e
    boolean login -> f
    boolean isWeiboLogin -> g
    boolean isLoginOut -> h
    boolean isLoginOut() -> g
    void setLoginOut(boolean) -> a
    void onCreate() -> onCreate
    boolean isLogin() -> a
    com.android.eatingornot.datamodel.UserInfo getUserInfo() -> b
    boolean isWeiboLogin() -> c
    void setWeiboLogin(boolean) -> b
    void setUserInfo(com.android.eatingornot.datamodel.UserInfo) -> a
    void refreshTokenInfo(com.android.eatingornot.datamodel.TokenInfo) -> a
    boolean isTokenValid() -> d
    boolean unBangdingWeiboData() -> e
    boolean isConnectInternet() -> f
com.android.eatingornot.activitys.EattingOrNotMainActivity -> com.android.eatingornot.activitys.EattingOrNotMainActivity:
    android.app.ProgressDialog dialog -> a
    java.util.HashMap imgButtons -> b
    android.widget.Button btnClear -> c
    android.view.animation.Animation btn_zoom_out -> d
    java.lang.String SICK_NAME -> e
    com.android.eatingornot.activitys.EattingApplication mApp -> f
    com.android.eatingornot.widget.CustomNaviBar mNaviBar -> g
    int[][] diseaseSet -> h
    boolean isOnBackTwice -> i
    long clickTime -> j
    java.lang.String getSickName() -> a
    void displayMyself(android.app.Activity,boolean) -> a
    void onCreate(android.os.Bundle) -> onCreate
    void stopDialog() -> b
    void onBackPressed() -> onBackPressed
    void onResume() -> onResume
    void onDestroy() -> onDestroy
    void onPause() -> onPause
    void onStop() -> onStop
    void access$0(com.android.eatingornot.activitys.EattingOrNotMainActivity,java.lang.String,java.lang.String) -> a
com.android.eatingornot.activitys.EattingOrNotMainActivity$1 -> com.android.eatingornot.activitys.c:
    com.android.eatingornot.activitys.EattingOrNotMainActivity this$0 -> a
    void onClick(android.view.View) -> onClick
com.android.eatingornot.activitys.EattingOrNotMainActivity$2 -> com.android.eatingornot.activitys.d:
    com.android.eatingornot.activitys.EattingOrNotMainActivity this$0 -> a
    void onClick(android.view.View) -> onClick
...
com.weibo.net.Utility$MySSLSocketFactory -> com.weibo.net.s:
    javax.net.ssl.SSLContext sslContext -> a
    java.net.Socket createSocket(java.net.Socket,java.lang.String,int,boolean) -> createSocket
    java.net.Socket createSocket() -> createSocket
com.weibo.net.Utility$MySSLSocketFactory$1 -> com.weibo.net.t:
    com.weibo.net.Utility$MySSLSocketFactory this$1 -> a
    void checkClientTrusted(java.security.cert.X509Certificate[],java.lang.String) -> checkClientTrusted
    void checkServerTrusted(java.security.cert.X509Certificate[],java.lang.String) -> checkServerTrusted
    java.security.cert.X509Certificate[] getAcceptedIssuers() -> getAcceptedIssuers
com.weibo.net.Weibo -> com.weibo.net.u:
    java.lang.String SERVER -> a
    java.lang.String URL_OAUTH_TOKEN -> b
    java.lang.String URL_AUTHORIZE -> c
    java.lang.String URL_ACCESS_TOKEN -> d
    java.lang.String URL_AUTHENTICATION -> e
    java.lang.String URL_OAUTH2_ACCESS_TOKEN -> f
    java.lang.String URL_OAUTH2_ACCESS_AUTHORIZE -> g
    java.lang.String APP_KEY -> h
    java.lang.String APP_SECRET -> i
    com.weibo.net.Weibo mWeiboInstance -> j
    com.weibo.net.Token mAccessToken -> k
    com.weibo.net.RequestToken mRequestToken -> l
    com.weibo.net.WeiboDialogListener mAuthDialogListener -> m
    java.lang.String mRedirectUrl -> n
    com.weibo.net.Weibo getInstance() -> a
    void setAccessToken(com.weibo.net.AccessToken) -> a
    com.weibo.net.Token getAccessToken() -> b
    void setupConsumerConfig(java.lang.String,java.lang.String) -> a
    java.lang.String getAppKey() -> c
    java.lang.String getAppSecret() -> d
    java.lang.String getRedirectUrl() -> e
    void setRedirectUrl(java.lang.String) -> a
    java.lang.String request$13b40194(android.content.Context,java.lang.String,com.weibo.net.WeiboParameters,java.lang.String) -> a
    boolean share2weibo(android.app.Activity,java.lang.String,java.lang.String,java.lang.String,java.lang.String) -> a
    void authorize(android.app.Activity,com.weibo.net.WeiboDialogListener) -> a
    boolean isSessionValid() -> f
    com.weibo.net.Token access$0(com.weibo.net.Weibo) -> a
com.weibo.net.Weibo$1 -> com.weibo.net.v:
    com.weibo.net.Weibo this$0 -> a
    void onComplete(android.os.Bundle) -> a
    void onError(com.weibo.net.DialogError) -> a
    void onWeiboException(com.weibo.net.WeiboException) -> a
    void onCancel() -> a
com.weibo.net.WeiboDialog -> com.weibo.net.w:
    android.widget.FrameLayout$LayoutParams FILL -> a
    com.weibo.net.Weibo mWeibo -> b
    java.lang.String mUrl -> c
    com.weibo.net.WeiboDialogListener mListener -> d
    android.app.ProgressDialog mSpinner -> e
    android.webkit.WebView mWebView -> f
    android.widget.RelativeLayout webViewContainer -> g
    android.widget.RelativeLayout mContent -> h
    void onCreate(android.os.Bundle) -> onCreate
    com.weibo.net.Weibo access$0() -> a
    void access$1$500d0bb0(java.lang.String) -> a
    com.weibo.net.WeiboDialogListener access$2() -> b
    android.app.ProgressDialog access$3(com.weibo.net.WeiboDialog) -> a
    android.widget.RelativeLayout access$4(com.weibo.net.WeiboDialog) -> b
    android.widget.RelativeLayout access$5(com.weibo.net.WeiboDialog) -> c
    android.webkit.WebView access$6(com.weibo.net.WeiboDialog) -> d
com.weibo.net.WeiboDialog$WeiboWebViewClient -> com.weibo.net.x:
    com.weibo.net.WeiboDialog this$0 -> a
    boolean shouldOverrideUrlLoading(android.webkit.WebView,java.lang.String) -> shouldOverrideUrlLoading
    void onReceivedError(android.webkit.WebView,int,java.lang.String,java.lang.String) -> onReceivedError
    void onPageStarted(android.webkit.WebView,java.lang.String,android.graphics.Bitmap) -> onPageStarted
    void onPageFinished(android.webkit.WebView,java.lang.String) -> onPageFinished