proguard/usage.txt
com.android.eatingornot.activitys.BuildConfig
com.android.eatingornot.activitys.EattingApplication:
    public static final java.lang.String IP
    public static final java.lang.String SERVER_IP
    public static final int YI
    public static final int JI
    public static final int KE
    public static final boolean READ_HTTP_CACHE
    public static final boolean LOCAL_DEBUG
    183:197:public void setUserInfo(java.lang.String,java.lang.String,java.lang.String,java.lang.String,java.lang.String,int,java.lang.String,java.lang.String,java.lang.String,java.lang.String)
    281:284:public boolean clearWeiboData()
com.android.eatingornot.activitys.EattingOrNotMainActivity:
    android.widget.Button btnHome
    android.widget.Button btnMyFavor
    java.util.List mNavibars
    java.util.List hotFoods
    ccb.android.net.framkwork.HttpLoader$Task hotFoodTask
com.android.eatingornot.activitys.FavorListActivity$FavorListAdater$ViewHoder:
    android.widget.ImageView fit
com.android.eatingornot.activitys.FoodDetailsActivity:
    android.support.v4.view.ViewPager viewPaper
    com.android.eatingornot.service.DieseaseWithFoodService mDieseaseWithFoodService
com.android.eatingornot.activitys.FoodDetailsActivity$FoodKind
com.android.eatingornot.activitys.ForgetPswActivity:
    166:170:private void showDialog(java.lang.String,java.lang.String)
com.android.eatingornot.activitys.R:
    10:10:public R()
com.android.eatingornot.activitys.SeachFoodsActivity:
    static java.lang.String curShowedDisease
    502:503:private void reflashHotFoods()
com.android.eatingornot.activitys.SearchResultActivity:
    224:224:private void doSearch()
    347:359:private void showErrorDlg(java.lang.String,java.lang.String)
com.android.eatingornot.activitys.SearchResultActivity$ListAdater$ViewHoder:
    android.widget.ImageView fit
com.android.eatingornot.activitys.ShareActivity:
    public static final java.lang.String EXTRA_WEIBO_CONTENT
    public static final java.lang.String EXTRA_PIC_URI
    public static final java.lang.String EXTRA_ACCESS_TOKEN
    public static final java.lang.String EXTRA_TOKEN_SECRET
    public static final int WEIBO_MAX_LENGTH
    481:492:public void onIOException(java.io.IOException)
com.android.eatingornot.activitys.ShareActivity$7
com.android.eatingornot.activitys.UserCenterActivity:
    287:298:private void showErrorDlg(java.lang.String,java.lang.String)
com.android.eatingornot.activitys.UserLoger:
    14:14:public UserLoger()
com.android.eatingornot.activitys.UserLoginActivity:
    com.android.eatingornot.datamodel.RequestRetMsg sendEmailMsg
    154:164:private void showDialog(java.lang.String,java.lang.String,android.content.DialogInterface$OnCancelListener)
...
android.support.v4.view.accessibility.AccessibilityManagerCompat$AccessibilityManagerVersionImpl:
    public abstract boolean isTouchExplorationEnabled(android.view.accessibility.AccessibilityManager)
android.support.v4.view.accessibility.AccessibilityManagerCompatIcs:
    28:30:AccessibilityManagerCompatIcs()
    67:67:public static boolean isTouchExplorationEnabled(android.view.accessibility.AccessibilityManager)
android.support.v4.view.accessibility.AccessibilityNodeInfoCompat$AccessibilityNodeInfoIcsImpl:
    421:422:public void setBoundsInScreen(java.lang.Object,android.graphics.Rect)
android.support.v4.view.accessibility.AccessibilityNodeInfoCompat$AccessibilityNodeInfoImpl:
    public abstract void setBoundsInScreen(java.lang.Object,android.graphics.Rect)
android.support.v4.view.accessibility.AccessibilityNodeInfoCompat$AccessibilityNodeInfoStubImpl:
    202:202:public void setBoundsInScreen(java.lang.Object,android.graphics.Rect)
android.support.v4.view.accessibility.AccessibilityNodeInfoCompatIcs:
    28:28:AccessibilityNodeInfoCompatIcs()
    69:69:public static java.lang.Object getChild(java.lang.Object,int)
    89:89:public static java.lang.Object getParent(java.lang.Object)
    149:150:public static void setBoundsInScreen(java.lang.Object,android.graphics.Rect)
android.support.v4.view.accessibility.AccessibilityRecordCompat$AccessibilityRecordIcsImpl:
    301:301:public int getMaxScrollX(java.lang.Object)
    306:306:public int getMaxScrollY(java.lang.Object)
    408:408:public void setMaxScrollX(java.lang.Object,int)
    413:413:public void setMaxScrollY(java.lang.Object,int)
android.support.v4.view.accessibility.AccessibilityRecordCompat$AccessibilityRecordImpl:
    public abstract int getMaxScrollX(java.lang.Object)
    public abstract void setMaxScrollX(java.lang.Object,int)
    public abstract int getMaxScrollY(java.lang.Object)
    public abstract void setMaxScrollY(java.lang.Object,int)
android.support.v4.view.accessibility.AccessibilityRecordCompat$AccessibilityRecordStubImpl:
    118:118:public int getMaxScrollX(java.lang.Object)
    122:122:public int getMaxScrollY(java.lang.Object)
    223:223:public void setMaxScrollX(java.lang.Object,int)
    227:227:public void setMaxScrollY(java.lang.Object,int)
android.support.v4.view.accessibility.AccessibilityRecordCompatIcs:
    28:28:AccessibilityRecordCompatIcs()
android.support.v4.widget.EdgeEffectCompatIcs:
    28:28:EdgeEffectCompatIcs()
android.support.v4.widget.SearchViewCompatHoneycomb:
    27:29:SearchViewCompatHoneycomb()
ccb.android.net.framkwork.BaseHttpParams:
    35:54:public org.apache.http.client.methods.HttpUriRequest getHttpUriRequest()
ccb.android.net.framkwork.HttpLoader:
    public static final java.lang.String DOWLOAD_SUCCESS
    public static final java.lang.String DOWLOAD_ERROR
    java.lang.String message
    54:59:public static void destoryLoader()
    185:185:public ccb.android.net.framkwork.HttpLoader$Task getTask(ccb.android.net.framkwork.BaseHttpParams,ccb.android.net.framkwork.HttpLoader$downLoadListener,ccb.android.net.framkwork.HttpLoader$dataParser,ccb.android.net.framkwork.HttpLoader$CacheHelper)
    194:199:public void delTask(int)
ccb.android.net.framkwork.HttpLoader$Task:
    155:160:private HttpLoader$Task(ccb.android.net.framkwork.HttpLoader,ccb.android.net.framkwork.BaseHttpParams,ccb.android.net.framkwork.HttpLoader$downLoadListener,ccb.android.net.framkwork.HttpLoader$dataParser,ccb.android.net.framkwork.HttpLoader$CacheHelper)
    162:162:public java.lang.String getStoreCachePath()
    177:178:public void setCacheHelper(ccb.android.net.framkwork.HttpLoader$CacheHelper)
    153:153:synthetic HttpLoader$Task(ccb.android.net.framkwork.HttpLoader,ccb.android.net.framkwork.BaseHttpParams,ccb.android.net.framkwork.HttpLoader$downLoadListener,ccb.android.net.framkwork.HttpLoader$dataParser,ccb.android.net.framkwork.HttpLoader$CacheHelper,ccb.android.net.framkwork.HttpLoader$Task)